#
# A fatal error has been detected by the Java Runtime Environment:
#
#  SIGSEGV (0xb) at pc=0x69e1c89e, pid=13982, tid=3061308224
#
# JRE version: 6.0_27-b27
# Java VM: OpenJDK Server VM (20.0-b12 mixed mode linux-x86 )
# Derivative: IcedTea6 1.12.5
# Distribution: Ubuntu 12.04 LTS, package 6b27-1.12.5-0ubuntu0.12.04.1
# Problematic frame:
# C  [libSoar.so+0x1b489e]  sml::Connection::SendAgentCommand(sml::AnalyzeXML*, char const*, bool)+0xe
#
# If you would like to submit a bug report, please include
# instructions how to reproduce the bug and visit:
#   https://bugs.launchpad.net/ubuntu/+source/openjdk-6/
# The crash happened outside the Java Virtual Machine in native code.
# See problematic frame for where to report the bug.
#

---------------  T H R E A D  ---------------

Current thread (0xb6605400):  JavaThread "main" [_thread_in_native, id=13983, stack(0xb672d000,0xb677e000)]

siginfo:si_signo=SIGSEGV: si_errno=0, si_code=1 (SEGV_MAPERR), si_addr=0x00000000

Registers:
EAX=0x00000000, EBX=0x69ef8ff4, ECX=0xb6605520, EDX=0x00000000
ESP=0xb677cf00, EBP=0xb68a7950, ESI=0xb677cf30, EDI=0x00000000
EIP=0x69e1c89e, EFLAGS=0x00010286, CR2=0x00000000

Top of Stack: (sp=0xb677cf00)
0xb677cf00:   b677cf48 b774d6b0 b68a795c 69e15b00
0xb677cf10:   b66f9218 b677cf30 b677cfa8 69e47771
0xb677cf20:   00000000 b677cf30 69e67582 00000000
0xb677cf30:   69ef7350 00000000 00000000 00000000
0xb677cf40:   00000000 69c6dc00 00000000 00000000
0xb677cf50:   00000000 b677cf4c b677cf4c 00000000
0xb677cf60:   00000000 00000000 00000000 69e47720
0xb677cf70:   6a57dff4 b677cfa8 b677cfa4 6a56cd7f 

Instructions: (pc=0x69e1c89e)
0x69e1c87e:   2c 8b 74 24 30 8b 7c 24 34 8b 6c 24 38 83 c4 3c
0x69e1c88e:   c3 90 57 56 83 ec 14 8b 7c 24 20 0f b6 54 24 2c
0x69e1c89e:   8b 07 89 54 24 08 8b 54 24 28 89 3c 24 89 54 24
0x69e1c8ae:   04 ff 50 4c 89 3c 24 89 c6 89 44 24 08 8b 44 24 

Register to memory mapping:

EAX=0x00000000 is an unknown value
EBX=0x69ef8ff4: <offset 0x290ff4> in /home/anant/Desktop/AI/SoarSuite_9.3.2-Linux_32bit/bin/libSoar.so at 0x69c68000
ECX=0xb6605520 is an unknown value
EDX=0x00000000 is an unknown value
ESP=0xb677cf00 is pointing into the stack for thread: 0xb6605400
EBP=0xb68a7950: _ZNSs4_Rep20_S_empty_rep_storageE+0 in /usr/lib/i386-linux-gnu/libstdc++.so.6 at 0xb67c8000
ESI=0xb677cf30 is pointing into the stack for thread: 0xb6605400
EDI=0x00000000 is an unknown value


Stack: [0xb672d000,0xb677e000],  sp=0xb677cf00,  free space=319k
Native frames: (J=compiled Java code, j=interpreted, Vv=VM code, C=native code)
C  [libSoar.so+0x1b489e]  sml::Connection::SendAgentCommand(sml::AnalyzeXML*, char const*, bool)+0xe

Java frames: (J=compiled Java code, j=interpreted, Vv=VM code)
j  sml.smlJNI.Kernel_GetSoarKernelVersion(JLsml/Kernel;)Ljava/lang/String;+0
j  sml.Kernel.GetSoarKernelVersion()Ljava/lang/String;+5
j  Soaragent.main([Ljava/lang/String;)V+30
v  ~StubRoutines::call_stub

---------------  P R O C E S S  ---------------

Java Threads: ( => current thread )
  0x6a405000 JavaThread "SIGTERM handler" daemon [_thread_blocked, id=14010, stack(0x69c17000,0x69c68000)]
  0x6a403c00 JavaThread "SIGTERM handler" daemon [_thread_blocked, id=14009, stack(0x6a047000,0x6a098000)]
  0xb66c6c00 JavaThread "Low Memory Detector" daemon [_thread_blocked, id=14000, stack(0x6a717000,0x6a768000)]
  0xb66c5000 JavaThread "C2 CompilerThread1" daemon [_thread_blocked, id=13999, stack(0x6a17f000,0x6a200000)]
  0xb66c3000 JavaThread "C2 CompilerThread0" daemon [_thread_blocked, id=13998, stack(0x6a57f000,0x6a600000)]
  0xb66c1c00 JavaThread "Signal Dispatcher" daemon [_thread_blocked, id=13997, stack(0x6ab2e000,0x6ab7f000)]
  0xb66b2400 JavaThread "Finalizer" daemon [_thread_blocked, id=13990, stack(0x6ae2e000,0x6ae7f000)]
  0xb66b0c00 JavaThread "Reference Handler" daemon [_thread_blocked, id=13989, stack(0x6a768000,0x6a7b9000)]
=>0xb6605400 JavaThread "main" [_thread_in_native, id=13983, stack(0xb672d000,0xb677e000)]

Other Threads:
  0xb66ae000 VMThread [stack: 0x6a7b9000,0x6a83a000] [id=13988]
  0xb66c8c00 WatcherThread [stack: 0x6a0fe000,0x6a17f000] [id=14001]

VM state:not at safepoint (normal execution)

VM Mutex/Monitor currently owned by a thread: None

Heap
 PSYoungGen      total 19136K, used 1315K [0x9df90000, 0x9f4e0000, 0xb34e0000)
  eden space 16448K, 8% used [0x9df90000,0x9e0d8fd8,0x9efa0000)
  from space 2688K, 0% used [0x9f240000,0x9f240000,0x9f4e0000)
  to   space 2688K, 0% used [0x9efa0000,0x9efa0000,0x9f240000)
 PSOldGen        total 43712K, used 0K [0x734e0000, 0x75f90000, 0x9df90000)
  object space 43712K, 0% used [0x734e0000,0x734e0000,0x75f90000)
 PSPermGen       total 16384K, used 2609K [0x6b4e0000, 0x6c4e0000, 0x734e0000)
  object space 16384K, 15% used [0x6b4e0000,0x6b76c4e0,0x6c4e0000)

Code Cache  [0xb35a4000, 0xb37e4000, 0xb65a4000)
 total_blobs=111 nmethods=0 adapters=79 free_code_cache=50031616 largest_free_block=0

Dynamic libraries:
08048000-08051000 r-xp 00000000 08:01 19928497   /usr/lib/jvm/java-6-openjdk-i386/jre/bin/java
08051000-08052000 r--p 00008000 08:01 19928497   /usr/lib/jvm/java-6-openjdk-i386/jre/bin/java
08052000-08053000 rw-p 00009000 08:01 19928497   /usr/lib/jvm/java-6-openjdk-i386/jre/bin/java
0871e000-0873f000 rw-p 00000000 00:00 0          [heap]
69c17000-69c1a000 ---p 00000000 00:00 0 
69c1a000-69c68000 rw-p 00000000 00:00 0 
69c68000-69ef2000 r-xp 00000000 08:01 10223791   /home/anant/Desktop/AI/SoarSuite_9.3.2-Linux_32bit/bin/libSoar.so
69ef2000-69ef3000 ---p 0028a000 08:01 10223791   /home/anant/Desktop/AI/SoarSuite_9.3.2-Linux_32bit/bin/libSoar.so
69ef3000-69ef9000 r--p 0028a000 08:01 10223791   /home/anant/Desktop/AI/SoarSuite_9.3.2-Linux_32bit/bin/libSoar.so
69ef9000-69efd000 rw-p 00290000 08:01 10223791   /home/anant/Desktop/AI/SoarSuite_9.3.2-Linux_32bit/bin/libSoar.so
69efd000-69f00000 rw-p 00000000 00:00 0 
69f00000-69f2c000 rw-p 00000000 00:00 0 
69f2c000-6a000000 ---p 00000000 00:00 0 
6a047000-6a04a000 ---p 00000000 00:00 0 
6a04a000-6a098000 rw-p 00000000 00:00 0 
6a0fe000-6a0ff000 ---p 00000000 00:00 0 
6a0ff000-6a17f000 rw-p 00000000 00:00 0 
6a17f000-6a182000 ---p 00000000 00:00 0 
6a182000-6a200000 rw-p 00000000 00:00 0 
6a200000-6a400000 r--p 00000000 08:01 19405807   /usr/lib/locale/locale-archive
6a400000-6a421000 rw-p 00000000 00:00 0 
6a421000-6a500000 ---p 00000000 00:00 0 
6a540000-6a57d000 r-xp 00000000 08:01 10223790   /home/anant/Desktop/AI/SoarSuite_9.3.2-Linux_32bit/bin/libJava_sml_ClientInterface.so
6a57d000-6a57e000 r--p 0003c000 08:01 10223790   /home/anant/Desktop/AI/SoarSuite_9.3.2-Linux_32bit/bin/libJava_sml_ClientInterface.so
6a57e000-6a57f000 rw-p 0003d000 08:01 10223790   /home/anant/Desktop/AI/SoarSuite_9.3.2-Linux_32bit/bin/libJava_sml_ClientInterface.so
6a57f000-6a582000 ---p 00000000 00:00 0 
6a582000-6a600000 rw-p 00000000 00:00 0 
6a600000-6a621000 rw-p 00000000 00:00 0 
6a621000-6a700000 ---p 00000000 00:00 0 
6a717000-6a71a000 ---p 00000000 00:00 0 
6a71a000-6a768000 rw-p 00000000 00:00 0 
6a768000-6a76b000 ---p 00000000 00:00 0 
6a76b000-6a7b9000 rw-p 00000000 00:00 0 
6a7b9000-6a7ba000 ---p 00000000 00:00 0 
6a7ba000-6a86d000 rw-p 00000000 00:00 0 
6a86d000-6aa00000 r--s 037db000 08:01 19929045   /usr/lib/jvm/java-6-openjdk-i386/jre/lib/rt.jar
6aa00000-6aa21000 rw-p 00000000 00:00 0 
6aa21000-6ab00000 ---p 00000000 00:00 0 
6ab2e000-6ab31000 ---p 00000000 00:00 0 
6ab31000-6ab7f000 rw-p 00000000 00:00 0 
6ab7f000-6ab80000 ---p 00000000 00:00 0 
6ab80000-6ac00000 rw-p 00000000 00:00 0 
6ac00000-6ac21000 rw-p 00000000 00:00 0 
6ac21000-6ad00000 ---p 00000000 00:00 0 
6ad00000-6ad21000 rw-p 00000000 00:00 0 
6ad21000-6ae00000 ---p 00000000 00:00 0 
6ae2e000-6ae31000 ---p 00000000 00:00 0 
6ae31000-6ae7f000 rw-p 00000000 00:00 0 
6ae7f000-6ae80000 ---p 00000000 00:00 0 
6ae80000-6af00000 rw-p 00000000 00:00 0 
6af00000-6af21000 rw-p 00000000 00:00 0 
6af21000-6b000000 ---p 00000000 00:00 0 
6b001000-6b004000 r--s 0007f000 08:01 19402862   /usr/lib/jvm/java-6-openjdk-common/jre/lib/jsse.jar
6b004000-6b007000 r--s 00018000 08:01 10223959   /home/anant/Desktop/AI/SoarSuite_9.3.2-Linux_32bit/bin/java/sml.jar
6b007000-6b008000 ---p 00000000 00:00 0 
6b008000-6b088000 rw-p 00000000 00:00 0 
6b088000-6b089000 ---p 00000000 00:00 0 
6b089000-6b111000 rw-p 00000000 00:00 0 
6b111000-6b149000 rw-p 00000000 00:00 0 
6b149000-6b15f000 rw-p 00000000 00:00 0 
6b15f000-6b29f000 rw-p 00000000 00:00 0 
6b29f000-6b2a7000 rw-p 00000000 00:00 0 
6b2a7000-6b2df000 rw-p 00000000 00:00 0 
6b2df000-6b2f5000 rw-p 00000000 00:00 0 
6b2f5000-6b434000 rw-p 00000000 00:00 0 
6b434000-6b43f000 rw-p 00000000 00:00 0 
6b43f000-6b4df000 rw-p 00000000 00:00 0 
6b4df000-6c4e0000 rw-p 00000000 00:00 0 
6c4e0000-734e0000 rw-p 00000000 00:00 0 
734e0000-75f90000 rw-p 00000000 00:00 0 
75f90000-9df90000 rw-p 00000000 00:00 0 
9df90000-9f4e0000 rw-p 00000000 00:00 0 
9f4e0000-b34e0000 rw-p 00000000 00:00 0 
b34e1000-b34e4000 r--s 00031000 08:01 19413004   /usr/lib/jvm/java-6-openjdk-common/jre/lib/ext/sunjce_provider.jar
b34e4000-b34ed000 rw-p 00000000 00:00 0 
b34ed000-b35a4000 rw-p 00000000 00:00 0 
b35a4000-b37e4000 rwxp 00000000 00:00 0 
b37e4000-b65a4000 rw-p 00000000 00:00 0 
b65a4000-b65af000 r-xp 00000000 08:01 25696726   /lib/i386-linux-gnu/libnss_files-2.15.so
b65af000-b65b0000 r--p 0000a000 08:01 25696726   /lib/i386-linux-gnu/libnss_files-2.15.so
b65b0000-b65b1000 rw-p 0000b000 08:01 25696726   /lib/i386-linux-gnu/libnss_files-2.15.so
b65b1000-b65bb000 r-xp 00000000 08:01 25696730   /lib/i386-linux-gnu/libnss_nis-2.15.so
b65bb000-b65bc000 r--p 00009000 08:01 25696730   /lib/i386-linux-gnu/libnss_nis-2.15.so
b65bc000-b65bd000 rw-p 0000a000 08:01 25696730   /lib/i386-linux-gnu/libnss_nis-2.15.so
b65bd000-b65d3000 r-xp 00000000 08:01 25696742   /lib/i386-linux-gnu/libnsl-2.15.so
b65d3000-b65d4000 r--p 00015000 08:01 25696742   /lib/i386-linux-gnu/libnsl-2.15.so
b65d4000-b65d5000 rw-p 00016000 08:01 25696742   /lib/i386-linux-gnu/libnsl-2.15.so
b65d5000-b65d7000 rw-p 00000000 00:00 0 
b65d7000-b65fd000 r-xp 00000000 08:01 19928998   /usr/lib/jvm/java-6-openjdk-i386/jre/lib/i386/libjava.so
b65fd000-b65fe000 r--p 00025000 08:01 19928998   /usr/lib/jvm/java-6-openjdk-i386/jre/lib/i386/libjava.so
b65fe000-b6600000 rw-p 00026000 08:01 19928998   /usr/lib/jvm/java-6-openjdk-i386/jre/lib/i386/libjava.so
b6600000-b66fb000 rw-p 00000000 00:00 0 
b66fb000-b6700000 ---p 00000000 00:00 0 
b6700000-b6701000 r--s 00007000 08:01 19668788   /usr/share/java/java-atk-wrapper.jar
b6701000-b6705000 r--s 00039000 08:01 19413000   /usr/lib/jvm/java-6-openjdk-common/jre/lib/ext/sunpkcs11.jar
b6705000-b6707000 r--s 0000f000 08:01 19413008   /usr/lib/jvm/java-6-openjdk-common/jre/lib/ext/pulse-java.jar
b6707000-b670e000 r-xp 00000000 08:01 25696724   /lib/i386-linux-gnu/libnss_compat-2.15.so
b670e000-b670f000 r--p 00006000 08:01 25696724   /lib/i386-linux-gnu/libnss_compat-2.15.so
b670f000-b6710000 rw-p 00007000 08:01 25696724   /lib/i386-linux-gnu/libnss_compat-2.15.so
b6711000-b6713000 r--s 00001000 08:01 19413006   /usr/lib/jvm/java-6-openjdk-common/jre/lib/ext/dnsns.jar
b6713000-b671a000 r-xp 00000000 08:01 19929004   /usr/lib/jvm/java-6-openjdk-i386/jre/lib/i386/libzip.so
b671a000-b671b000 r--p 00006000 08:01 19929004   /usr/lib/jvm/java-6-openjdk-i386/jre/lib/i386/libzip.so
b671b000-b671c000 rw-p 00007000 08:01 19929004   /usr/lib/jvm/java-6-openjdk-i386/jre/lib/i386/libzip.so
b671c000-b6724000 rw-s 00000000 08:01 20320123   /tmp/hsperfdata_anant/13982
b6724000-b672b000 r-xp 00000000 08:01 25696729   /lib/i386-linux-gnu/librt-2.15.so
b672b000-b672c000 r--p 00006000 08:01 25696729   /lib/i386-linux-gnu/librt-2.15.so
b672c000-b672d000 rw-p 00007000 08:01 25696729   /lib/i386-linux-gnu/librt-2.15.so
b672d000-b6730000 ---p 00000000 00:00 0 
b6730000-b677e000 rw-p 00000000 00:00 0 
b677e000-b679a000 r-xp 00000000 08:01 25691060   /lib/i386-linux-gnu/libgcc_s.so.1
b679a000-b679b000 r--p 0001b000 08:01 25691060   /lib/i386-linux-gnu/libgcc_s.so.1
b679b000-b679c000 rw-p 0001c000 08:01 25691060   /lib/i386-linux-gnu/libgcc_s.so.1
b679c000-b67c6000 r-xp 00000000 08:01 25696733   /lib/i386-linux-gnu/libm-2.15.so
b67c6000-b67c7000 r--p 00029000 08:01 25696733   /lib/i386-linux-gnu/libm-2.15.so
b67c7000-b67c8000 rw-p 0002a000 08:01 25696733   /lib/i386-linux-gnu/libm-2.15.so
b67c8000-b68a0000 r-xp 00000000 08:01 19403725   /usr/lib/i386-linux-gnu/libstdc++.so.6.0.16
b68a0000-b68a1000 ---p 000d8000 08:01 19403725   /usr/lib/i386-linux-gnu/libstdc++.so.6.0.16
b68a1000-b68a5000 r--p 000d8000 08:01 19403725   /usr/lib/i386-linux-gnu/libstdc++.so.6.0.16
b68a5000-b68a6000 rw-p 000dc000 08:01 19403725   /usr/lib/i386-linux-gnu/libstdc++.so.6.0.16
b68a6000-b68ad000 rw-p 00000000 00:00 0 
b68ad000-b70cc000 r-xp 00000000 08:01 19929017   /usr/lib/jvm/java-6-openjdk-i386/jre/lib/i386/server/libjvm.so
b70cc000-b7111000 r--p 0081f000 08:01 19929017   /usr/lib/jvm/java-6-openjdk-i386/jre/lib/i386/server/libjvm.so
b7111000-b7120000 rw-p 00864000 08:01 19929017   /usr/lib/jvm/java-6-openjdk-i386/jre/lib/i386/server/libjvm.so
b7120000-b753c000 rw-p 00000000 00:00 0 
b753c000-b7550000 r-xp 00000000 08:01 25691150   /lib/i386-linux-gnu/libz.so.1.2.3.4
b7550000-b7551000 r--p 00013000 08:01 25691150   /lib/i386-linux-gnu/libz.so.1.2.3.4
b7551000-b7552000 rw-p 00014000 08:01 25691150   /lib/i386-linux-gnu/libz.so.1.2.3.4
b7552000-b76f5000 r-xp 00000000 08:01 25696722   /lib/i386-linux-gnu/libc-2.15.so
b76f5000-b76f7000 r--p 001a3000 08:01 25696722   /lib/i386-linux-gnu/libc-2.15.so
b76f7000-b76f8000 rw-p 001a5000 08:01 25696722   /lib/i386-linux-gnu/libc-2.15.so
b76f8000-b76fb000 rw-p 00000000 00:00 0 
b76fb000-b76fe000 r-xp 00000000 08:01 25696737   /lib/i386-linux-gnu/libdl-2.15.so
b76fe000-b76ff000 r--p 00002000 08:01 25696737   /lib/i386-linux-gnu/libdl-2.15.so
b76ff000-b7700000 rw-p 00003000 08:01 25696737   /lib/i386-linux-gnu/libdl-2.15.so
b7700000-b7704000 r-xp 00000000 08:01 19929009   /usr/lib/jvm/java-6-openjdk-i386/jre/lib/i386/jli/libjli.so
b7704000-b7705000 r--p 00003000 08:01 19929009   /usr/lib/jvm/java-6-openjdk-i386/jre/lib/i386/jli/libjli.so
b7705000-b7706000 rw-p 00004000 08:01 19929009   /usr/lib/jvm/java-6-openjdk-i386/jre/lib/i386/jli/libjli.so
b7706000-b7707000 rw-p 00000000 00:00 0 
b7707000-b771e000 r-xp 00000000 08:01 25696731   /lib/i386-linux-gnu/libpthread-2.15.so
b771e000-b771f000 r--p 00016000 08:01 25696731   /lib/i386-linux-gnu/libpthread-2.15.so
b771f000-b7720000 rw-p 00017000 08:01 25696731   /lib/i386-linux-gnu/libpthread-2.15.so
b7720000-b7722000 rw-p 00000000 00:00 0 
b7722000-b7725000 r--s 00077000 08:01 19413002   /usr/lib/jvm/java-6-openjdk-common/jre/lib/ext/localedata.jar
b7725000-b7726000 r--p 00858000 08:01 19405807   /usr/lib/locale/locale-archive
b7726000-b7727000 rw-p 00000000 00:00 0 
b7727000-b7728000 r--p 00000000 00:00 0 
b7728000-b7733000 r-xp 00000000 08:01 19929031   /usr/lib/jvm/java-6-openjdk-i386/jre/lib/i386/libverify.so
b7733000-b7734000 ---p 0000b000 08:01 19929031   /usr/lib/jvm/java-6-openjdk-i386/jre/lib/i386/libverify.so
b7734000-b7735000 r--p 0000b000 08:01 19929031   /usr/lib/jvm/java-6-openjdk-i386/jre/lib/i386/libverify.so
b7735000-b7736000 rw-p 0000c000 08:01 19929031   /usr/lib/jvm/java-6-openjdk-i386/jre/lib/i386/libverify.so
b7736000-b7738000 rw-p 00000000 00:00 0 
b7738000-b7739000 r-xp 00000000 00:00 0          [vdso]
b7739000-b7759000 r-xp 00000000 08:01 25696734   /lib/i386-linux-gnu/ld-2.15.so
b7759000-b775a000 r--p 0001f000 08:01 25696734   /lib/i386-linux-gnu/ld-2.15.so
b775a000-b775b000 rw-p 00020000 08:01 25696734   /lib/i386-linux-gnu/ld-2.15.so
bfa05000-bfa26000 rw-p 00000000 00:00 0          [stack]

VM Arguments:
java_command: Soaragent
Launcher Type: SUN_STANDARD

Environment Variables:
CLASSPATH=:/home/anant/Desktop/AI/SoarSuite_9.3.2-Linux_32bit/bin/java/sml.jar
PATH=/usr/lib/lightdm/lightdm:/usr/local/sbin:/usr/local/bin:/usr/sbin:/usr/bin:/sbin:/bin:/usr/games:/home/anant/.rvm/bin
LD_LIBRARY_PATH=/usr/lib/jvm/java-6-openjdk-i386/jre/lib/i386/server:/usr/lib/jvm/java-6-openjdk-i386/jre/lib/i386:/usr/lib/jvm/java-6-openjdk-i386/jre/../lib/i386::/home/anant/Desktop/AI/SoarSuite_9.3.2-Linux_32bit/bin
SHELL=/bin/bash
DISPLAY=:0

Signal Handlers:
SIGSEGV: [libjvm.so+0x66b2b0], sa_mask[0]=0x7ffbfeff, sa_flags=0x10000004
SIGBUS: [libjvm.so+0x66b2b0], sa_mask[0]=0x7ffbfeff, sa_flags=0x10000004
SIGFPE: [libjvm.so+0x52e950], sa_mask[0]=0x7ffbfeff, sa_flags=0x10000004
SIGPIPE: SIG_IGN, sa_mask[0]=0x00000000, sa_flags=0x00000000
SIGXFSZ: [libjvm.so+0x52e950], sa_mask[0]=0x7ffbfeff, sa_flags=0x10000004
SIGILL: [libjvm.so+0x52e950], sa_mask[0]=0x7ffbfeff, sa_flags=0x10000004
SIGUSR1: SIG_DFL, sa_mask[0]=0x00000000, sa_flags=0x00000000
SIGUSR2: [libjvm.so+0x52e7e0], sa_mask[0]=0x00000004, sa_flags=0x10000004
SIGHUP: [libjvm.so+0x531770], sa_mask[0]=0x7ffbfeff, sa_flags=0x10000004
SIGINT: [libjvm.so+0x531770], sa_mask[0]=0x7ffbfeff, sa_flags=0x10000004
SIGTERM: [libjvm.so+0x531770], sa_mask[0]=0x7ffbfeff, sa_flags=0x10000004
SIGQUIT: [libjvm.so+0x531770], sa_mask[0]=0x7ffbfeff, sa_flags=0x10000004


---------------  S Y S T E M  ---------------

OS:Ubuntu 12.04 (precise)
uname:Linux 3.2.0-43-generic-pae #68-Ubuntu SMP Wed May 15 03:55:10 UTC 2013 i686
libc:glibc 2.15 NPTL 2.15 
rlimit: STACK 8192k, CORE 0k, NPROC 46659, NOFILE 4096, AS infinity
load average:0.72 1.61 0.85

/proc/meminfo:
MemTotal:        5987064 kB
MemFree:         3695948 kB
Buffers:          109560 kB
Cached:          1226240 kB
SwapCached:            0 kB
Active:          1010648 kB
Inactive:        1170244 kB
Active(anon):     847324 kB
Inactive(anon):   142264 kB
Active(file):     163324 kB
Inactive(file):  1027980 kB
Unevictable:          48 kB
Mlocked:              48 kB
HighTotal:       5170128 kB
HighFree:        3075272 kB
LowTotal:         816936 kB
LowFree:          620676 kB
SwapTotal:       6081532 kB
SwapFree:        6081532 kB
Dirty:               128 kB
Writeback:             0 kB
AnonPages:        845828 kB
Mapped:           203664 kB
Shmem:            143976 kB
Slab:              67688 kB
SReclaimable:      43904 kB
SUnreclaim:        23784 kB
KernelStack:        4616 kB
PageTables:        15140 kB
NFS_Unstable:          0 kB
Bounce:                0 kB
WritebackTmp:          0 kB
CommitLimit:     9075064 kB
Committed_AS:    4650980 kB
VmallocTotal:     122880 kB
VmallocUsed:       17868 kB
VmallocChunk:     104180 kB
HardwareCorrupted:     0 kB
AnonHugePages:         0 kB
HugePages_Total:       0
HugePages_Free:        0
HugePages_Rsvd:        0
HugePages_Surp:        0
Hugepagesize:       2048 kB
DirectMap4k:       10232 kB
DirectMap2M:      903168 kB


CPU:total 4 (2 cores per cpu, 2 threads per core) family 6 model 37 stepping 5, cmov, cx8, fxsr, mmx, sse, sse2, sse3, ssse3, sse4.1, sse4.2, popcnt, ht

Memory: 4k page, physical 5987064k(3695948k free), swap 6081532k(6081532k free)

vm_info: OpenJDK Server VM (20.0-b12) for linux-x86 JRE (1.6.0_27-b27), built on Apr 25 2013 14:59:06 by "buildd" with gcc 4.6.3

time: Thu May 23 20:29:18 2013
elapsed time: 0 seconds

